2024-11-26 04:21:36,322 [INFO] root: Connecting to Cluster 

2024-11-26 04:21:36,334 [WARNING] cassandra.cluster: Cluster.__init__ called with contact_points specified, but no load_balancing_policy. In the next major version, this will raise an error; please specify a load-balancing policy. (contact_points = ['localhost'], lbp = None)
2024-11-26 04:21:38,391 [WARNING] cassandra.cluster: [control connection] Error connecting to ::1:9042:
Traceback (most recent call last):
  File "C:\Users\Santi\AppData\Local\Programs\Python\Python310\lib\site-packages\cassandra\cluster.py", line 3577, in _reconnect_internal
    return self._try_connect(host)
  File "C:\Users\Santi\AppData\Local\Programs\Python\Python310\lib\site-packages\cassandra\cluster.py", line 3599, in _try_connect
    connection = self._cluster.connection_factory(host.endpoint, is_control_connection=True)
  File "C:\Users\Santi\AppData\Local\Programs\Python\Python310\lib\site-packages\cassandra\cluster.py", line 1670, in connection_factory
    return self.connection_class.factory(endpoint, self.connect_timeout, *args, **kwargs)
  File "C:\Users\Santi\AppData\Local\Programs\Python\Python310\lib\site-packages\cassandra\connection.py", line 846, in factory
    conn = cls(endpoint, *args, **kwargs)
  File "C:\Users\Santi\AppData\Local\Programs\Python\Python310\lib\site-packages\cassandra\io\asyncorereactor.py", line 353, in __init__
    self._connect_socket()
  File "C:\Users\Santi\AppData\Local\Programs\Python\Python310\lib\site-packages\cassandra\connection.py", line 951, in _connect_socket
    raise socket.error(sockerr.errno, "Tried connecting to %s. Last error: %s" %
ConnectionRefusedError: [Errno 10061] Tried connecting to [('::1', 9042, 0, 0)]. Last error: No se puede establecer una conexión ya que el equipo de destino denegó expresamente dicha conexión
2024-11-26 04:21:40,449 [WARNING] cassandra.cluster: [control connection] Error connecting to 127.0.0.1:9042:
Traceback (most recent call last):
  File "C:\Users\Santi\AppData\Local\Programs\Python\Python310\lib\site-packages\cassandra\cluster.py", line 3577, in _reconnect_internal
    return self._try_connect(host)
  File "C:\Users\Santi\AppData\Local\Programs\Python\Python310\lib\site-packages\cassandra\cluster.py", line 3599, in _try_connect
    connection = self._cluster.connection_factory(host.endpoint, is_control_connection=True)
  File "C:\Users\Santi\AppData\Local\Programs\Python\Python310\lib\site-packages\cassandra\cluster.py", line 1670, in connection_factory
    return self.connection_class.factory(endpoint, self.connect_timeout, *args, **kwargs)
  File "C:\Users\Santi\AppData\Local\Programs\Python\Python310\lib\site-packages\cassandra\connection.py", line 846, in factory
    conn = cls(endpoint, *args, **kwargs)
  File "C:\Users\Santi\AppData\Local\Programs\Python\Python310\lib\site-packages\cassandra\io\asyncorereactor.py", line 353, in __init__
    self._connect_socket()
  File "C:\Users\Santi\AppData\Local\Programs\Python\Python310\lib\site-packages\cassandra\connection.py", line 951, in _connect_socket
    raise socket.error(sockerr.errno, "Tried connecting to %s. Last error: %s" %
ConnectionRefusedError: [Errno 10061] Tried connecting to [('127.0.0.1', 9042)]. Last error: No se puede establecer una conexión ya que el equipo de destino denegó expresamente dicha conexión
2024-11-26 04:21:40,451 [ERROR] cassandra.cluster: Control connection failed to connect, shutting down Cluster:
Traceback (most recent call last):
  File "C:\Users\Santi\AppData\Local\Programs\Python\Python310\lib\site-packages\cassandra\cluster.py", line 1740, in connect
    self.control_connection.connect()
  File "C:\Users\Santi\AppData\Local\Programs\Python\Python310\lib\site-packages\cassandra\cluster.py", line 3543, in connect
    self._set_new_connection(self._reconnect_internal())
  File "C:\Users\Santi\AppData\Local\Programs\Python\Python310\lib\site-packages\cassandra\cluster.py", line 3588, in _reconnect_internal
    raise NoHostAvailable("Unable to connect to any servers", errors)
cassandra.cluster.NoHostAvailable: ('Unable to connect to any servers', {'::1:9042': ConnectionRefusedError(10061, "Tried connecting to [('::1', 9042, 0, 0)]. Last error: No se puede establecer una conexión ya que el equipo de destino denegó expresamente dicha conexión"), '127.0.0.1:9042': ConnectionRefusedError(10061, "Tried connecting to [('127.0.0.1', 9042)]. Last error: No se puede establecer una conexión ya que el equipo de destino denegó expresamente dicha conexión")})
2024-11-26 04:26:42,867 [INFO] root: Connecting to Cluster 

2024-11-26 04:26:42,873 [WARNING] cassandra.cluster: Cluster.__init__ called with contact_points specified, but no load_balancing_policy. In the next major version, this will raise an error; please specify a load-balancing policy. (contact_points = ['localhost'], lbp = None)
2024-11-26 04:26:42,920 [WARNING] cassandra.cluster: [control connection] Error connecting to ::1:9042:
Traceback (most recent call last):
  File "C:\Users\Santi\AppData\Local\Programs\Python\Python310\lib\site-packages\cassandra\cluster.py", line 3577, in _reconnect_internal
    return self._try_connect(host)
  File "C:\Users\Santi\AppData\Local\Programs\Python\Python310\lib\site-packages\cassandra\cluster.py", line 3599, in _try_connect
    connection = self._cluster.connection_factory(host.endpoint, is_control_connection=True)
  File "C:\Users\Santi\AppData\Local\Programs\Python\Python310\lib\site-packages\cassandra\cluster.py", line 1670, in connection_factory
    return self.connection_class.factory(endpoint, self.connect_timeout, *args, **kwargs)
  File "C:\Users\Santi\AppData\Local\Programs\Python\Python310\lib\site-packages\cassandra\connection.py", line 852, in factory
    raise conn.last_error
cassandra.connection.ConnectionShutdown: Connection to ::1:9042 was closed
2024-11-26 04:26:42,922 [WARNING] cassandra.cluster: Host ::1:9042 has been marked down
2024-11-26 04:26:44,441 [WARNING] cassandra.cluster: [control connection] Error connecting to 127.0.0.1:9042:
Traceback (most recent call last):
  File "C:\Users\Santi\AppData\Local\Programs\Python\Python310\lib\site-packages\cassandra\cluster.py", line 3577, in _reconnect_internal
    return self._try_connect(host)
  File "C:\Users\Santi\AppData\Local\Programs\Python\Python310\lib\site-packages\cassandra\cluster.py", line 3599, in _try_connect
    connection = self._cluster.connection_factory(host.endpoint, is_control_connection=True)
  File "C:\Users\Santi\AppData\Local\Programs\Python\Python310\lib\site-packages\cassandra\cluster.py", line 1670, in connection_factory
    return self.connection_class.factory(endpoint, self.connect_timeout, *args, **kwargs)
  File "C:\Users\Santi\AppData\Local\Programs\Python\Python310\lib\site-packages\cassandra\connection.py", line 852, in factory
    raise conn.last_error
cassandra.connection.ConnectionShutdown: Connection to 127.0.0.1:9042 was closed
2024-11-26 04:26:44,442 [WARNING] cassandra.cluster: Host 127.0.0.1:9042 has been marked down
2024-11-26 04:26:44,443 [ERROR] cassandra.cluster: Control connection failed to connect, shutting down Cluster:
Traceback (most recent call last):
  File "C:\Users\Santi\AppData\Local\Programs\Python\Python310\lib\site-packages\cassandra\cluster.py", line 1740, in connect
    self.control_connection.connect()
  File "C:\Users\Santi\AppData\Local\Programs\Python\Python310\lib\site-packages\cassandra\cluster.py", line 3543, in connect
    self._set_new_connection(self._reconnect_internal())
  File "C:\Users\Santi\AppData\Local\Programs\Python\Python310\lib\site-packages\cassandra\cluster.py", line 3588, in _reconnect_internal
    raise NoHostAvailable("Unable to connect to any servers", errors)
cassandra.cluster.NoHostAvailable: ('Unable to connect to any servers', {'::1:9042': ConnectionShutdown('Connection to ::1:9042 was closed'), '127.0.0.1:9042': ConnectionShutdown('Connection to 127.0.0.1:9042 was closed')})
2024-11-26 04:26:44,455 [WARNING] cassandra.pool: Error attempting to reconnect to ::1:9042, scheduling retry in 2.02 seconds: Connection to ::1:9042 was closed
2024-11-26 04:26:51,110 [INFO] root: Connecting to Cluster 

2024-11-26 04:26:51,114 [WARNING] cassandra.cluster: Cluster.__init__ called with contact_points specified, but no load_balancing_policy. In the next major version, this will raise an error; please specify a load-balancing policy. (contact_points = ['localhost'], lbp = None)
2024-11-26 04:26:51,133 [WARNING] cassandra.cluster: [control connection] Error connecting to 127.0.0.1:9042:
Traceback (most recent call last):
  File "C:\Users\Santi\AppData\Local\Programs\Python\Python310\lib\site-packages\cassandra\cluster.py", line 3577, in _reconnect_internal
    return self._try_connect(host)
  File "C:\Users\Santi\AppData\Local\Programs\Python\Python310\lib\site-packages\cassandra\cluster.py", line 3599, in _try_connect
    connection = self._cluster.connection_factory(host.endpoint, is_control_connection=True)
  File "C:\Users\Santi\AppData\Local\Programs\Python\Python310\lib\site-packages\cassandra\cluster.py", line 1670, in connection_factory
    return self.connection_class.factory(endpoint, self.connect_timeout, *args, **kwargs)
  File "C:\Users\Santi\AppData\Local\Programs\Python\Python310\lib\site-packages\cassandra\connection.py", line 852, in factory
    raise conn.last_error
cassandra.connection.ConnectionShutdown: Connection to 127.0.0.1:9042 was closed
2024-11-26 04:26:51,135 [WARNING] cassandra.cluster: Host 127.0.0.1:9042 has been marked down
2024-11-26 04:26:52,674 [WARNING] cassandra.cluster: [control connection] Error connecting to ::1:9042:
Traceback (most recent call last):
  File "C:\Users\Santi\AppData\Local\Programs\Python\Python310\lib\site-packages\cassandra\cluster.py", line 3577, in _reconnect_internal
    return self._try_connect(host)
  File "C:\Users\Santi\AppData\Local\Programs\Python\Python310\lib\site-packages\cassandra\cluster.py", line 3599, in _try_connect
    connection = self._cluster.connection_factory(host.endpoint, is_control_connection=True)
  File "C:\Users\Santi\AppData\Local\Programs\Python\Python310\lib\site-packages\cassandra\cluster.py", line 1670, in connection_factory
    return self.connection_class.factory(endpoint, self.connect_timeout, *args, **kwargs)
  File "C:\Users\Santi\AppData\Local\Programs\Python\Python310\lib\site-packages\cassandra\connection.py", line 852, in factory
    raise conn.last_error
cassandra.connection.ConnectionShutdown: Connection to ::1:9042 was closed
2024-11-26 04:26:52,675 [WARNING] cassandra.pool: Error attempting to reconnect to 127.0.0.1:9042, scheduling retry in 2.22 seconds: Connection to 127.0.0.1:9042 was closed
2024-11-26 04:26:52,676 [WARNING] cassandra.cluster: Host ::1:9042 has been marked down
2024-11-26 04:26:52,676 [ERROR] cassandra.cluster: Control connection failed to connect, shutting down Cluster:
Traceback (most recent call last):
  File "C:\Users\Santi\AppData\Local\Programs\Python\Python310\lib\site-packages\cassandra\cluster.py", line 1740, in connect
    self.control_connection.connect()
  File "C:\Users\Santi\AppData\Local\Programs\Python\Python310\lib\site-packages\cassandra\cluster.py", line 3543, in connect
    self._set_new_connection(self._reconnect_internal())
  File "C:\Users\Santi\AppData\Local\Programs\Python\Python310\lib\site-packages\cassandra\cluster.py", line 3588, in _reconnect_internal
    raise NoHostAvailable("Unable to connect to any servers", errors)
cassandra.cluster.NoHostAvailable: ('Unable to connect to any servers', {'127.0.0.1:9042': ConnectionShutdown('Connection to 127.0.0.1:9042 was closed'), '::1:9042': ConnectionShutdown('Connection to ::1:9042 was closed')})
2024-11-26 04:27:06,197 [INFO] root: Connecting to Cluster 

2024-11-26 04:27:06,201 [WARNING] cassandra.cluster: Cluster.__init__ called with contact_points specified, but no load_balancing_policy. In the next major version, this will raise an error; please specify a load-balancing policy. (contact_points = ['localhost'], lbp = None)
2024-11-26 04:27:06,214 [WARNING] cassandra.cluster: [control connection] Error connecting to ::1:9042:
Traceback (most recent call last):
  File "C:\Users\Santi\AppData\Local\Programs\Python\Python310\lib\site-packages\cassandra\cluster.py", line 3577, in _reconnect_internal
    return self._try_connect(host)
  File "C:\Users\Santi\AppData\Local\Programs\Python\Python310\lib\site-packages\cassandra\cluster.py", line 3599, in _try_connect
    connection = self._cluster.connection_factory(host.endpoint, is_control_connection=True)
  File "C:\Users\Santi\AppData\Local\Programs\Python\Python310\lib\site-packages\cassandra\cluster.py", line 1670, in connection_factory
    return self.connection_class.factory(endpoint, self.connect_timeout, *args, **kwargs)
  File "C:\Users\Santi\AppData\Local\Programs\Python\Python310\lib\site-packages\cassandra\connection.py", line 852, in factory
    raise conn.last_error
cassandra.connection.ConnectionShutdown: Connection to ::1:9042 was closed
2024-11-26 04:27:06,216 [WARNING] cassandra.cluster: Host ::1:9042 has been marked down
2024-11-26 04:27:07,762 [WARNING] cassandra.pool: Error attempting to reconnect to ::1:9042, scheduling retry in 2.2 seconds: Connection to ::1:9042 was closed
2024-11-26 04:27:07,763 [WARNING] cassandra.cluster: [control connection] Error connecting to 127.0.0.1:9042:
Traceback (most recent call last):
  File "C:\Users\Santi\AppData\Local\Programs\Python\Python310\lib\site-packages\cassandra\cluster.py", line 3577, in _reconnect_internal
    return self._try_connect(host)
  File "C:\Users\Santi\AppData\Local\Programs\Python\Python310\lib\site-packages\cassandra\cluster.py", line 3599, in _try_connect
    connection = self._cluster.connection_factory(host.endpoint, is_control_connection=True)
  File "C:\Users\Santi\AppData\Local\Programs\Python\Python310\lib\site-packages\cassandra\cluster.py", line 1670, in connection_factory
    return self.connection_class.factory(endpoint, self.connect_timeout, *args, **kwargs)
  File "C:\Users\Santi\AppData\Local\Programs\Python\Python310\lib\site-packages\cassandra\connection.py", line 852, in factory
    raise conn.last_error
cassandra.connection.ConnectionShutdown: Connection to 127.0.0.1:9042 was closed
2024-11-26 04:27:07,763 [ERROR] cassandra.cluster: Control connection failed to connect, shutting down Cluster:
Traceback (most recent call last):
  File "C:\Users\Santi\AppData\Local\Programs\Python\Python310\lib\site-packages\cassandra\cluster.py", line 1740, in connect
    self.control_connection.connect()
  File "C:\Users\Santi\AppData\Local\Programs\Python\Python310\lib\site-packages\cassandra\cluster.py", line 3543, in connect
    self._set_new_connection(self._reconnect_internal())
  File "C:\Users\Santi\AppData\Local\Programs\Python\Python310\lib\site-packages\cassandra\cluster.py", line 3588, in _reconnect_internal
    raise NoHostAvailable("Unable to connect to any servers", errors)
cassandra.cluster.NoHostAvailable: ('Unable to connect to any servers', {'::1:9042': ConnectionShutdown('Connection to ::1:9042 was closed'), '127.0.0.1:9042': ConnectionShutdown('Connection to 127.0.0.1:9042 was closed')})
2024-11-26 04:31:19,192 [INFO] root: Connecting to Cluster 

2024-11-26 04:31:19,197 [WARNING] cassandra.cluster: Cluster.__init__ called with contact_points specified, but no load_balancing_policy. In the next major version, this will raise an error; please specify a load-balancing policy. (contact_points = ['localhost'], lbp = None)
2024-11-26 04:31:19,231 [WARNING] cassandra.cluster: Downgrading core protocol version from 66 to 65 for 127.0.0.1:9042. To avoid this, it is best practice to explicitly set Cluster(protocol_version) to the version supported by your cluster. http://datastax.github.io/python-driver/api/cassandra/cluster.html#cassandra.cluster.Cluster.protocol_version
2024-11-26 04:31:20,764 [WARNING] cassandra.cluster: Downgrading core protocol version from 65 to 5 for 127.0.0.1:9042. To avoid this, it is best practice to explicitly set Cluster(protocol_version) to the version supported by your cluster. http://datastax.github.io/python-driver/api/cassandra/cluster.html#cassandra.cluster.Cluster.protocol_version
2024-11-26 04:31:22,342 [INFO] cassandra.policies: Using datacenter 'datacenter1' for DCAwareRoundRobinPolicy (via host '127.0.0.1:9042'); if incorrect, please specify a local_dc to the constructor, or limit contact points to local cluster nodes
2024-11-26 04:31:22,342 [INFO] cassandra.cluster: Cassandra host ::1:9042 removed
2024-11-26 04:31:23,637 [INFO] root: Creating keyspace: cassandrafinal with replication factor 1
2024-11-26 04:31:23,853 [INFO] root: Creating model schema
2024-11-26 04:32:19,554 [INFO] root: Connecting to Cluster 

2024-11-26 04:32:19,557 [WARNING] cassandra.cluster: Cluster.__init__ called with contact_points specified, but no load_balancing_policy. In the next major version, this will raise an error; please specify a load-balancing policy. (contact_points = ['localhost'], lbp = None)
2024-11-26 04:32:19,587 [WARNING] cassandra.cluster: Downgrading core protocol version from 66 to 65 for 127.0.0.1:9042. To avoid this, it is best practice to explicitly set Cluster(protocol_version) to the version supported by your cluster. http://datastax.github.io/python-driver/api/cassandra/cluster.html#cassandra.cluster.Cluster.protocol_version
2024-11-26 04:32:21,114 [WARNING] cassandra.cluster: Downgrading core protocol version from 65 to 5 for 127.0.0.1:9042. To avoid this, it is best practice to explicitly set Cluster(protocol_version) to the version supported by your cluster. http://datastax.github.io/python-driver/api/cassandra/cluster.html#cassandra.cluster.Cluster.protocol_version
2024-11-26 04:32:22,677 [INFO] cassandra.policies: Using datacenter 'datacenter1' for DCAwareRoundRobinPolicy (via host '127.0.0.1:9042'); if incorrect, please specify a local_dc to the constructor, or limit contact points to local cluster nodes
2024-11-26 04:32:22,678 [INFO] cassandra.cluster: Cassandra host ::1:9042 removed
2024-11-26 04:32:23,977 [INFO] root: Creating keyspace: cassandrafinal with replication factor 1
2024-11-26 04:32:24,005 [INFO] root: Creating model schema
2024-11-26 04:32:53,358 [INFO] root: Connecting to Cluster 

2024-11-26 04:32:53,362 [WARNING] cassandra.cluster: Cluster.__init__ called with contact_points specified, but no load_balancing_policy. In the next major version, this will raise an error; please specify a load-balancing policy. (contact_points = ['localhost'], lbp = None)
2024-11-26 04:32:53,405 [WARNING] cassandra.cluster: Downgrading core protocol version from 66 to 65 for 127.0.0.1:9042. To avoid this, it is best practice to explicitly set Cluster(protocol_version) to the version supported by your cluster. http://datastax.github.io/python-driver/api/cassandra/cluster.html#cassandra.cluster.Cluster.protocol_version
2024-11-26 04:32:54,935 [WARNING] cassandra.cluster: Downgrading core protocol version from 65 to 5 for 127.0.0.1:9042. To avoid this, it is best practice to explicitly set Cluster(protocol_version) to the version supported by your cluster. http://datastax.github.io/python-driver/api/cassandra/cluster.html#cassandra.cluster.Cluster.protocol_version
2024-11-26 04:32:56,508 [INFO] cassandra.policies: Using datacenter 'datacenter1' for DCAwareRoundRobinPolicy (via host '127.0.0.1:9042'); if incorrect, please specify a local_dc to the constructor, or limit contact points to local cluster nodes
2024-11-26 04:32:56,508 [INFO] cassandra.cluster: Cassandra host ::1:9042 removed
2024-11-26 04:32:57,777 [INFO] root: Creating keyspace: cassandrafinal with replication factor 1
2024-11-26 04:32:57,802 [INFO] root: Creating model schema
2024-11-26 04:33:16,007 [INFO] root: Connecting to Cluster 

2024-11-26 04:33:16,012 [WARNING] cassandra.cluster: Cluster.__init__ called with contact_points specified, but no load_balancing_policy. In the next major version, this will raise an error; please specify a load-balancing policy. (contact_points = ['localhost'], lbp = None)
2024-11-26 04:33:16,046 [WARNING] cassandra.cluster: Downgrading core protocol version from 66 to 65 for ::1:9042. To avoid this, it is best practice to explicitly set Cluster(protocol_version) to the version supported by your cluster. http://datastax.github.io/python-driver/api/cassandra/cluster.html#cassandra.cluster.Cluster.protocol_version
2024-11-26 04:33:17,565 [WARNING] cassandra.cluster: Downgrading core protocol version from 65 to 5 for ::1:9042. To avoid this, it is best practice to explicitly set Cluster(protocol_version) to the version supported by your cluster. http://datastax.github.io/python-driver/api/cassandra/cluster.html#cassandra.cluster.Cluster.protocol_version
2024-11-26 04:33:19,142 [INFO] cassandra.policies: Using datacenter 'datacenter1' for DCAwareRoundRobinPolicy (via host '::1:9042'); if incorrect, please specify a local_dc to the constructor, or limit contact points to local cluster nodes
2024-11-26 04:33:19,142 [INFO] cassandra.cluster: Cassandra host 127.0.0.1:9042 removed
2024-11-26 04:33:20,390 [INFO] root: Creating keyspace: cassandrafinal with replication factor 1
2024-11-26 04:33:20,423 [INFO] root: Creating model schema
2024-11-26 04:36:32,411 [INFO] root: Connecting to Cluster 

2024-11-26 04:36:32,415 [WARNING] cassandra.cluster: Cluster.__init__ called with contact_points specified, but no load_balancing_policy. In the next major version, this will raise an error; please specify a load-balancing policy. (contact_points = ['localhost'], lbp = None)
2024-11-26 04:36:32,460 [WARNING] cassandra.cluster: Downgrading core protocol version from 66 to 65 for ::1:9042. To avoid this, it is best practice to explicitly set Cluster(protocol_version) to the version supported by your cluster. http://datastax.github.io/python-driver/api/cassandra/cluster.html#cassandra.cluster.Cluster.protocol_version
2024-11-26 04:36:33,984 [WARNING] cassandra.cluster: Downgrading core protocol version from 65 to 5 for ::1:9042. To avoid this, it is best practice to explicitly set Cluster(protocol_version) to the version supported by your cluster. http://datastax.github.io/python-driver/api/cassandra/cluster.html#cassandra.cluster.Cluster.protocol_version
2024-11-26 04:36:35,550 [INFO] cassandra.policies: Using datacenter 'datacenter1' for DCAwareRoundRobinPolicy (via host '::1:9042'); if incorrect, please specify a local_dc to the constructor, or limit contact points to local cluster nodes
2024-11-26 04:36:35,551 [INFO] cassandra.cluster: Cassandra host 127.0.0.1:9042 removed
2024-11-26 04:36:36,734 [INFO] root: Creating keyspace: cassandrafinal with replication factor 1
2024-11-26 04:36:36,761 [INFO] root: Creating model schema
2024-11-26 06:53:44,985 [INFO] root: Connecting to Cluster 

2024-11-26 06:53:44,992 [WARNING] cassandra.cluster: Cluster.__init__ called with contact_points specified, but no load_balancing_policy. In the next major version, this will raise an error; please specify a load-balancing policy. (contact_points = ['localhost'], lbp = None)
2024-11-26 06:53:45,067 [WARNING] cassandra.cluster: Downgrading core protocol version from 66 to 65 for ::1:9042. To avoid this, it is best practice to explicitly set Cluster(protocol_version) to the version supported by your cluster. http://datastax.github.io/python-driver/api/cassandra/cluster.html#cassandra.cluster.Cluster.protocol_version
2024-11-26 06:53:46,560 [WARNING] cassandra.cluster: Downgrading core protocol version from 65 to 5 for ::1:9042. To avoid this, it is best practice to explicitly set Cluster(protocol_version) to the version supported by your cluster. http://datastax.github.io/python-driver/api/cassandra/cluster.html#cassandra.cluster.Cluster.protocol_version
2024-11-26 06:53:48,256 [INFO] cassandra.policies: Using datacenter 'datacenter1' for DCAwareRoundRobinPolicy (via host '::1:9042'); if incorrect, please specify a local_dc to the constructor, or limit contact points to local cluster nodes
2024-11-26 06:53:48,257 [INFO] cassandra.cluster: Cassandra host 127.0.0.1:9042 removed
2024-11-26 06:53:49,274 [INFO] root: Creating keyspace: cassandrafinal with replication factor 1
2024-11-26 06:53:49,303 [INFO] root: Creating model schema
2024-11-26 06:59:00,274 [INFO] root: Connecting to Cluster 

2024-11-26 06:59:00,279 [WARNING] cassandra.cluster: Cluster.__init__ called with contact_points specified, but no load_balancing_policy. In the next major version, this will raise an error; please specify a load-balancing policy. (contact_points = ['localhost'], lbp = None)
2024-11-26 06:59:00,350 [WARNING] cassandra.cluster: Downgrading core protocol version from 66 to 65 for 127.0.0.1:9042. To avoid this, it is best practice to explicitly set Cluster(protocol_version) to the version supported by your cluster. http://datastax.github.io/python-driver/api/cassandra/cluster.html#cassandra.cluster.Cluster.protocol_version
2024-11-26 06:59:01,871 [WARNING] cassandra.cluster: Downgrading core protocol version from 65 to 5 for 127.0.0.1:9042. To avoid this, it is best practice to explicitly set Cluster(protocol_version) to the version supported by your cluster. http://datastax.github.io/python-driver/api/cassandra/cluster.html#cassandra.cluster.Cluster.protocol_version
2024-11-26 06:59:03,448 [INFO] cassandra.policies: Using datacenter 'datacenter1' for DCAwareRoundRobinPolicy (via host '127.0.0.1:9042'); if incorrect, please specify a local_dc to the constructor, or limit contact points to local cluster nodes
2024-11-26 06:59:03,448 [INFO] cassandra.cluster: Cassandra host ::1:9042 removed
2024-11-26 06:59:04,617 [INFO] root: Creating keyspace: cassandrafinal with replication factor 1
2024-11-26 06:59:04,647 [INFO] root: Creating model schema
2024-11-26 06:59:13,342 [INFO] root: Connecting to Cluster 

2024-11-26 06:59:13,348 [WARNING] cassandra.cluster: Cluster.__init__ called with contact_points specified, but no load_balancing_policy. In the next major version, this will raise an error; please specify a load-balancing policy. (contact_points = ['localhost'], lbp = None)
2024-11-26 06:59:13,374 [WARNING] cassandra.cluster: Downgrading core protocol version from 66 to 65 for ::1:9042. To avoid this, it is best practice to explicitly set Cluster(protocol_version) to the version supported by your cluster. http://datastax.github.io/python-driver/api/cassandra/cluster.html#cassandra.cluster.Cluster.protocol_version
2024-11-26 06:59:14,903 [WARNING] cassandra.cluster: Downgrading core protocol version from 65 to 5 for ::1:9042. To avoid this, it is best practice to explicitly set Cluster(protocol_version) to the version supported by your cluster. http://datastax.github.io/python-driver/api/cassandra/cluster.html#cassandra.cluster.Cluster.protocol_version
2024-11-26 06:59:16,466 [INFO] cassandra.policies: Using datacenter 'datacenter1' for DCAwareRoundRobinPolicy (via host '::1:9042'); if incorrect, please specify a local_dc to the constructor, or limit contact points to local cluster nodes
2024-11-26 06:59:16,468 [INFO] cassandra.cluster: Cassandra host 127.0.0.1:9042 removed
2024-11-26 06:59:17,628 [INFO] root: Creating keyspace: cassandrafinal with replication factor 1
2024-11-26 06:59:17,656 [INFO] root: Creating model schema
2024-11-26 07:26:00,245 [INFO] root: Connecting to Cluster 

2024-11-26 07:26:00,251 [WARNING] cassandra.cluster: Cluster.__init__ called with contact_points specified, but no load_balancing_policy. In the next major version, this will raise an error; please specify a load-balancing policy. (contact_points = ['localhost'], lbp = None)
2024-11-26 07:26:00,324 [WARNING] cassandra.cluster: Downgrading core protocol version from 66 to 65 for 127.0.0.1:9042. To avoid this, it is best practice to explicitly set Cluster(protocol_version) to the version supported by your cluster. http://datastax.github.io/python-driver/api/cassandra/cluster.html#cassandra.cluster.Cluster.protocol_version
2024-11-26 07:26:01,827 [WARNING] cassandra.cluster: Downgrading core protocol version from 65 to 5 for 127.0.0.1:9042. To avoid this, it is best practice to explicitly set Cluster(protocol_version) to the version supported by your cluster. http://datastax.github.io/python-driver/api/cassandra/cluster.html#cassandra.cluster.Cluster.protocol_version
2024-11-26 07:26:03,469 [INFO] cassandra.policies: Using datacenter 'datacenter1' for DCAwareRoundRobinPolicy (via host '127.0.0.1:9042'); if incorrect, please specify a local_dc to the constructor, or limit contact points to local cluster nodes
2024-11-26 07:26:03,469 [INFO] cassandra.cluster: Cassandra host ::1:9042 removed
2024-11-26 07:26:04,594 [INFO] root: Creating keyspace: cassandrafinal with replication factor 1
2024-11-26 07:26:04,619 [INFO] root: Creating model schema
2024-11-26 07:26:12,807 [WARNING] cassandra.protocol: Server warning: `USE <keyspace>` with prepared statements is considered to be an anti-pattern due to ambiguity in non-qualified table names. Please consider removing instances of `Session#setKeyspace(<keyspace>)`, `Session#execute("USE <keyspace>")` and `cluster.newSession(<keyspace>)` from your code, and always use fully qualified table names (e.g. <keyspace>.<table>). Keyspace used: cassandrafinal, statement keyspace: cassandrafinal, statement id: 6245490ef660d5c449134311fa47b6cc
2024-11-26 07:26:25,877 [INFO] root: Connecting to Cluster 

2024-11-26 07:26:25,885 [WARNING] cassandra.cluster: Cluster.__init__ called with contact_points specified, but no load_balancing_policy. In the next major version, this will raise an error; please specify a load-balancing policy. (contact_points = ['localhost'], lbp = None)
2024-11-26 07:26:25,914 [WARNING] cassandra.cluster: Downgrading core protocol version from 66 to 65 for ::1:9042. To avoid this, it is best practice to explicitly set Cluster(protocol_version) to the version supported by your cluster. http://datastax.github.io/python-driver/api/cassandra/cluster.html#cassandra.cluster.Cluster.protocol_version
2024-11-26 07:26:27,440 [WARNING] cassandra.cluster: Downgrading core protocol version from 65 to 5 for ::1:9042. To avoid this, it is best practice to explicitly set Cluster(protocol_version) to the version supported by your cluster. http://datastax.github.io/python-driver/api/cassandra/cluster.html#cassandra.cluster.Cluster.protocol_version
2024-11-26 07:26:29,005 [INFO] cassandra.policies: Using datacenter 'datacenter1' for DCAwareRoundRobinPolicy (via host '::1:9042'); if incorrect, please specify a local_dc to the constructor, or limit contact points to local cluster nodes
2024-11-26 07:26:29,005 [INFO] cassandra.cluster: Cassandra host 127.0.0.1:9042 removed
2024-11-26 07:26:30,183 [INFO] root: Creating keyspace: cassandrafinal with replication factor 1
2024-11-26 07:26:30,211 [INFO] root: Creating model schema
2024-11-26 07:30:45,762 [INFO] root: Connecting to Cluster 

2024-11-26 07:30:45,769 [WARNING] cassandra.cluster: Cluster.__init__ called with contact_points specified, but no load_balancing_policy. In the next major version, this will raise an error; please specify a load-balancing policy. (contact_points = ['localhost'], lbp = None)
2024-11-26 07:30:45,829 [WARNING] cassandra.cluster: Downgrading core protocol version from 66 to 65 for ::1:9042. To avoid this, it is best practice to explicitly set Cluster(protocol_version) to the version supported by your cluster. http://datastax.github.io/python-driver/api/cassandra/cluster.html#cassandra.cluster.Cluster.protocol_version
2024-11-26 07:30:47,356 [WARNING] cassandra.cluster: Downgrading core protocol version from 65 to 5 for ::1:9042. To avoid this, it is best practice to explicitly set Cluster(protocol_version) to the version supported by your cluster. http://datastax.github.io/python-driver/api/cassandra/cluster.html#cassandra.cluster.Cluster.protocol_version
2024-11-26 07:30:48,912 [INFO] cassandra.policies: Using datacenter 'datacenter1' for DCAwareRoundRobinPolicy (via host '::1:9042'); if incorrect, please specify a local_dc to the constructor, or limit contact points to local cluster nodes
2024-11-26 07:30:48,912 [INFO] cassandra.cluster: Cassandra host 127.0.0.1:9042 removed
2024-11-26 07:30:50,059 [INFO] root: Creating keyspace: cassandrafinal with replication factor 1
2024-11-26 07:30:50,086 [INFO] root: Creating model schema
2024-11-26 07:31:34,973 [INFO] root: Retrieving activity for user 3b86303e-596d-40e5-bd82-7e73e6a799ab
2024-11-26 07:31:35,030 [WARNING] cassandra.protocol: Server warning: `USE <keyspace>` with prepared statements is considered to be an anti-pattern due to ambiguity in non-qualified table names. Please consider removing instances of `Session#setKeyspace(<keyspace>)`, `Session#execute("USE <keyspace>")` and `cluster.newSession(<keyspace>)` from your code, and always use fully qualified table names (e.g. <keyspace>.<table>). Keyspace used: cassandrafinal, statement keyspace: cassandrafinal, statement id: 46ad1ba2661e6c4dfddffb3958da0d47
2024-11-26 07:31:57,406 [INFO] root: Retrieving activity for user 70f6a8a7-e0a4-4cb3-92dd-b5159621fb0f
2024-11-26 07:32:18,900 [INFO] root: Retrieving activity for user 75909984-b596-4b50-8220-852c50b85ae1
2024-11-26 07:58:44,691 [INFO] root: Connecting to Cluster 

2024-11-26 07:58:44,696 [WARNING] cassandra.cluster: Cluster.__init__ called with contact_points specified, but no load_balancing_policy. In the next major version, this will raise an error; please specify a load-balancing policy. (contact_points = ['localhost'], lbp = None)
2024-11-26 07:58:44,749 [WARNING] cassandra.cluster: Downgrading core protocol version from 66 to 65 for ::1:9042. To avoid this, it is best practice to explicitly set Cluster(protocol_version) to the version supported by your cluster. http://datastax.github.io/python-driver/api/cassandra/cluster.html#cassandra.cluster.Cluster.protocol_version
2024-11-26 07:58:46,252 [WARNING] cassandra.cluster: Downgrading core protocol version from 65 to 5 for ::1:9042. To avoid this, it is best practice to explicitly set Cluster(protocol_version) to the version supported by your cluster. http://datastax.github.io/python-driver/api/cassandra/cluster.html#cassandra.cluster.Cluster.protocol_version
2024-11-26 07:58:47,896 [INFO] cassandra.policies: Using datacenter 'datacenter1' for DCAwareRoundRobinPolicy (via host '::1:9042'); if incorrect, please specify a local_dc to the constructor, or limit contact points to local cluster nodes
2024-11-26 07:58:47,896 [INFO] cassandra.cluster: Cassandra host 127.0.0.1:9042 removed
2024-11-26 07:58:48,954 [INFO] root: Creating keyspace: cassandrafinal with replication factor 1
2024-11-26 07:58:48,981 [INFO] root: Creating model schema
2024-11-26 08:03:19,882 [INFO] root: Retrieving activity for user cd8a3266-f562-4520-a5e1-616e13e7ca14
2024-11-26 08:03:36,036 [INFO] root: Retrieving engagement rate for user cd8a3266-f562-4520-a5e1-616e13e7ca14
2024-11-26 08:03:36,090 [WARNING] cassandra.protocol: Server warning: `USE <keyspace>` with prepared statements is considered to be an anti-pattern due to ambiguity in non-qualified table names. Please consider removing instances of `Session#setKeyspace(<keyspace>)`, `Session#execute("USE <keyspace>")` and `cluster.newSession(<keyspace>)` from your code, and always use fully qualified table names (e.g. <keyspace>.<table>). Keyspace used: cassandrafinal, statement keyspace: cassandrafinal, statement id: 3644e70a566ea05522ec9bc6f3c05aa3
2024-11-26 08:04:16,051 [INFO] root: Retrieving interaction duration between user cd8a3266-f562-4520-a5e1-616e13e7ca14 and 61169ab2-d429-459c-a7c1-d627884084f2
2024-11-28 23:15:21,168 [INFO] root: Connecting to Cluster 

2024-11-28 23:15:21,173 [WARNING] cassandra.cluster: Cluster.__init__ called with contact_points specified, but no load_balancing_policy. In the next major version, this will raise an error; please specify a load-balancing policy. (contact_points = ['localhost'], lbp = None)
2024-11-28 23:15:21,205 [WARNING] cassandra.cluster: Downgrading core protocol version from 66 to 65 for ::1:9042. To avoid this, it is best practice to explicitly set Cluster(protocol_version) to the version supported by your cluster. http://datastax.github.io/python-driver/api/cassandra/cluster.html#cassandra.cluster.Cluster.protocol_version
2024-11-28 23:15:22,741 [WARNING] cassandra.cluster: Downgrading core protocol version from 65 to 5 for ::1:9042. To avoid this, it is best practice to explicitly set Cluster(protocol_version) to the version supported by your cluster. http://datastax.github.io/python-driver/api/cassandra/cluster.html#cassandra.cluster.Cluster.protocol_version
2024-11-28 23:15:24,338 [INFO] cassandra.policies: Using datacenter 'datacenter1' for DCAwareRoundRobinPolicy (via host '::1:9042'); if incorrect, please specify a local_dc to the constructor, or limit contact points to local cluster nodes
2024-11-28 23:15:24,338 [INFO] cassandra.cluster: Cassandra host 127.0.0.1:9042 removed
2024-11-28 23:15:25,537 [INFO] root: Creating keyspace: cassandrafinal with replication factor 1
2024-11-28 23:15:25,560 [INFO] root: Creating model schema
2024-11-29 12:13:51,455 [INFO] root: Connecting to Cluster 

2024-11-29 12:13:51,463 [WARNING] cassandra.cluster: Cluster.__init__ called with contact_points specified, but no load_balancing_policy. In the next major version, this will raise an error; please specify a load-balancing policy. (contact_points = ['localhost'], lbp = None)
2024-11-29 12:13:51,518 [WARNING] cassandra.cluster: Downgrading core protocol version from 66 to 65 for 127.0.0.1:9042. To avoid this, it is best practice to explicitly set Cluster(protocol_version) to the version supported by your cluster. http://datastax.github.io/python-driver/api/cassandra/cluster.html#cassandra.cluster.Cluster.protocol_version
2024-11-29 12:13:53,036 [WARNING] cassandra.cluster: Downgrading core protocol version from 65 to 5 for 127.0.0.1:9042. To avoid this, it is best practice to explicitly set Cluster(protocol_version) to the version supported by your cluster. http://datastax.github.io/python-driver/api/cassandra/cluster.html#cassandra.cluster.Cluster.protocol_version
2024-11-29 12:13:54,650 [INFO] cassandra.policies: Using datacenter 'datacenter1' for DCAwareRoundRobinPolicy (via host '127.0.0.1:9042'); if incorrect, please specify a local_dc to the constructor, or limit contact points to local cluster nodes
2024-11-29 12:13:54,650 [INFO] cassandra.cluster: Cassandra host ::1:9042 removed
2024-11-29 12:13:55,842 [INFO] root: Creating keyspace: cassandrafinal with replication factor 1
2024-11-29 12:13:55,866 [INFO] root: Creating model schema
2024-11-29 12:14:49,831 [INFO] root: Connecting to Cluster 

2024-11-29 12:14:49,839 [WARNING] cassandra.cluster: Cluster.__init__ called with contact_points specified, but no load_balancing_policy. In the next major version, this will raise an error; please specify a load-balancing policy. (contact_points = ['localhost'], lbp = None)
2024-11-29 12:14:49,883 [WARNING] cassandra.cluster: Downgrading core protocol version from 66 to 65 for 127.0.0.1:9042. To avoid this, it is best practice to explicitly set Cluster(protocol_version) to the version supported by your cluster. http://datastax.github.io/python-driver/api/cassandra/cluster.html#cassandra.cluster.Cluster.protocol_version
2024-11-29 12:14:51,422 [WARNING] cassandra.cluster: Downgrading core protocol version from 65 to 5 for 127.0.0.1:9042. To avoid this, it is best practice to explicitly set Cluster(protocol_version) to the version supported by your cluster. http://datastax.github.io/python-driver/api/cassandra/cluster.html#cassandra.cluster.Cluster.protocol_version
2024-11-29 12:14:52,986 [INFO] cassandra.policies: Using datacenter 'datacenter1' for DCAwareRoundRobinPolicy (via host '127.0.0.1:9042'); if incorrect, please specify a local_dc to the constructor, or limit contact points to local cluster nodes
2024-11-29 12:14:52,986 [INFO] cassandra.cluster: Cassandra host ::1:9042 removed
2024-11-29 12:14:54,214 [INFO] root: Creating keyspace: cassandrafinal with replication factor 1
2024-11-29 12:14:54,237 [INFO] root: Creating model schema
2024-11-29 12:15:58,087 [INFO] root: Connecting to Cluster 

2024-11-29 12:15:58,091 [WARNING] cassandra.cluster: Cluster.__init__ called with contact_points specified, but no load_balancing_policy. In the next major version, this will raise an error; please specify a load-balancing policy. (contact_points = ['localhost'], lbp = None)
2024-11-29 12:15:58,153 [WARNING] cassandra.cluster: Downgrading core protocol version from 66 to 65 for ::1:9042. To avoid this, it is best practice to explicitly set Cluster(protocol_version) to the version supported by your cluster. http://datastax.github.io/python-driver/api/cassandra/cluster.html#cassandra.cluster.Cluster.protocol_version
2024-11-29 12:15:59,685 [WARNING] cassandra.cluster: Downgrading core protocol version from 65 to 5 for ::1:9042. To avoid this, it is best practice to explicitly set Cluster(protocol_version) to the version supported by your cluster. http://datastax.github.io/python-driver/api/cassandra/cluster.html#cassandra.cluster.Cluster.protocol_version
2024-11-29 12:16:01,266 [INFO] cassandra.policies: Using datacenter 'datacenter1' for DCAwareRoundRobinPolicy (via host '::1:9042'); if incorrect, please specify a local_dc to the constructor, or limit contact points to local cluster nodes
2024-11-29 12:16:01,266 [INFO] cassandra.cluster: Cassandra host 127.0.0.1:9042 removed
2024-11-29 12:16:02,465 [INFO] root: Creating keyspace: cassandrafinal with replication factor 1
2024-11-29 12:16:02,493 [INFO] root: Creating model schema
2024-11-29 12:16:43,930 [INFO] root: Connecting to Cluster 

2024-11-29 12:16:43,935 [WARNING] cassandra.cluster: Cluster.__init__ called with contact_points specified, but no load_balancing_policy. In the next major version, this will raise an error; please specify a load-balancing policy. (contact_points = ['localhost'], lbp = None)
2024-11-29 12:16:43,973 [WARNING] cassandra.cluster: Downgrading core protocol version from 66 to 65 for ::1:9042. To avoid this, it is best practice to explicitly set Cluster(protocol_version) to the version supported by your cluster. http://datastax.github.io/python-driver/api/cassandra/cluster.html#cassandra.cluster.Cluster.protocol_version
2024-11-29 12:16:45,500 [WARNING] cassandra.cluster: Downgrading core protocol version from 65 to 5 for ::1:9042. To avoid this, it is best practice to explicitly set Cluster(protocol_version) to the version supported by your cluster. http://datastax.github.io/python-driver/api/cassandra/cluster.html#cassandra.cluster.Cluster.protocol_version
2024-11-29 12:16:47,063 [INFO] cassandra.policies: Using datacenter 'datacenter1' for DCAwareRoundRobinPolicy (via host '::1:9042'); if incorrect, please specify a local_dc to the constructor, or limit contact points to local cluster nodes
2024-11-29 12:16:47,064 [INFO] cassandra.cluster: Cassandra host 127.0.0.1:9042 removed
2024-11-29 12:16:48,268 [INFO] root: Creating keyspace: cassandrafinal with replication factor 1
2024-11-29 12:16:48,299 [INFO] root: Creating model schema
2024-11-29 12:17:29,606 [INFO] root: Retrieving activity for user 2a4d4230-ad25-44b9-b93d-af32a3c8c2ba
